
> Configure project :
Fabric Loom: 1.7.4

> Task :compileJava
> Task :processResources UP-TO-DATE
> Task :classes
> Task :jar
> Task :processIncludeJars UP-TO-DATE
> Task :sourcesJar
> Task :compileTestJava NO-SOURCE
> Task :processTestResources NO-SOURCE
> Task :testClasses UP-TO-DATE
> Task :test NO-SOURCE
> Task :validateAccessWidener NO-SOURCE
> Task :check UP-TO-DATE
> Task :remapJar
> Task :remapSourcesJar
> Task :assemble
> Task :build

BUILD SUCCESSFUL in 7s
7 actionable tasks: 5 executed, 2 up-to-date
